[2022-11-08 18:15:54] alias_create_execute
alias_create_execute () 
{ 
    for _path in "$rvm_rubies_path" "$rvm_gems_path" "$rvm_environments_path" "$rvm_wrappers_path";
    do
        if [[ -L "$_path/$alias_name" ]]; then
            \command \rm -fv "$_path/$alias_name" || return $?;
        fi;
        \command \ln -fs "$_path/$rvm_ruby_string" "$_path/$alias_name" || return $?;
    done;
    __rvm_db_ "$rvm_path/config/alias" "$alias_name" "$rvm_ruby_string"
}
current path: /home/test
GEM_HOME=/home/test/.rvm/gems/ruby-2.3.3
GEM_PATH=/home/test/.rvm/gems/ruby-2.3.3:/home/test/.rvm/gems/ruby-2.3.3@global
PATH=/home/test/.rvm/gems/ruby-2.3.3/bin:/home/test/.rvm/gems/ruby-2.3.3@global/bin:/home/test/.rvm/rubies/ruby-2.3.3/bin:/home/test/.rvm/bin:/usr/local/sbin:/usr/local/bin:/usr/sbin:/usr/bin:/sbin:/bin:/usr/games:/usr/local/games:/snap/bin
command(1): alias_create_execute
+ for _path in "$rvm_rubies_path" "$rvm_gems_path" "$rvm_environments_path" "$rvm_wrappers_path"
+ [[ -L /home/test/.rvm/rubies/default ]]
+ command ln -fs /home/test/.rvm/rubies/ruby-2.3.3 /home/test/.rvm/rubies/default
+ ln -fs /home/test/.rvm/rubies/ruby-2.3.3 /home/test/.rvm/rubies/default
+ for _path in "$rvm_rubies_path" "$rvm_gems_path" "$rvm_environments_path" "$rvm_wrappers_path"
+ [[ -L /home/test/.rvm/gems/default ]]
+ command ln -fs /home/test/.rvm/gems/ruby-2.3.3 /home/test/.rvm/gems/default
+ ln -fs /home/test/.rvm/gems/ruby-2.3.3 /home/test/.rvm/gems/default
+ for _path in "$rvm_rubies_path" "$rvm_gems_path" "$rvm_environments_path" "$rvm_wrappers_path"
+ [[ -L /home/test/.rvm/environments/default ]]
+ command ln -fs /home/test/.rvm/environments/ruby-2.3.3 /home/test/.rvm/environments/default
+ ln -fs /home/test/.rvm/environments/ruby-2.3.3 /home/test/.rvm/environments/default
+ for _path in "$rvm_rubies_path" "$rvm_gems_path" "$rvm_environments_path" "$rvm_wrappers_path"
+ [[ -L /home/test/.rvm/wrappers/default ]]
+ command ln -fs /home/test/.rvm/wrappers/ruby-2.3.3 /home/test/.rvm/wrappers/default
+ ln -fs /home/test/.rvm/wrappers/ruby-2.3.3 /home/test/.rvm/wrappers/default
+ __rvm_db_ /home/test/.rvm/config/alias default ruby-2.3.3
+ typeset __db __key __value
+ __db=/home/test/.rvm/config/alias
+ __key=default
+ shift 2
+ __value=ruby-2.3.3
+ case "${__value}" in
+ __rvm_db_add /home/test/.rvm/config/alias default ruby-2.3.3
+ typeset __dir=/home/test/.rvm/config
+ [[ -f /home/test/.rvm/config/alias ]]
+ __rvm_db_remove /home/test/.rvm/config/alias default
+ [[ -f /home/test/.rvm/config/alias ]]
+ __rvm_sed -e '\#^default=# d' -e '/^$/d' /home/test/.rvm/config/alias
+ sed -e '\#^default=# d' -e '/^$/d' /home/test/.rvm/config/alias
+ command mv -f /home/test/.rvm/config/alias.new /home/test/.rvm/config/alias
+ mv -f /home/test/.rvm/config/alias.new /home/test/.rvm/config/alias
+ printf '%b=%b\n' default ruby-2.3.3
